<?xml version="1.0" encoding="UTF-8"?>
<!-- Generated by org.testng.reporters.JUnitReportReporter -->
<testsuite skipped="0" hostname="LP-5CD730826V" name="com.amazon.qa.TestCases.HomePageTest" tests="1" failures="0" timestamp="2020-02-05T08:04:53 IST" time="59.903" errors="0">
  <testcase name="HomePageTitleTest" time="59.903" classname="com.amazon.qa.TestCases.HomePageTest"/>
  <system-out/>
</testsuite> <!-- com.amazon.qa.TestCases.HomePageTest -->
